#-----------------------------------------------------------
# Vivado v2019.2 (64-bit)
# SW Build 2708876 on Wed Nov  6 21:40:23 MST 2019
# IP Build 2700528 on Thu Nov  7 00:09:20 MST 2019
# Start of session at: Wed Feb 10 21:34:16 2021
# Process ID: 1032
# Current directory: C:/Users/seanj/OneDrive/Documents/ChessEngine/chess
# Command line: vivado.exe -gui_launcher_event rodinguilauncherevent16232 C:\Users\seanj\OneDrive\Documents\ChessEngine\chess\chess.xpr
# Log file: C:/Users/seanj/OneDrive/Documents/ChessEngine/chess/vivado.log
# Journal file: C:/Users/seanj/OneDrive/Documents/ChessEngine/chess\vivado.jou
#-----------------------------------------------------------
start_gui
open_project C:/Users/seanj/OneDrive/Documents/ChessEngine/chess/chess.xpr
Scanning sources...
Finished scanning sources
INFO: [IP_Flow 19-234] Refreshing IP repositories
INFO: [IP_Flow 19-1704] No user IP repositories specified
INFO: [IP_Flow 19-2313] Loaded Vivado IP repository 'C:/Xilinx/Vivado/2019.2/data/ip'.
open_project: Time (s): cpu = 00:00:16 ; elapsed = 00:00:09 . Memory (MB): peak = 1114.309 ; gain = 193.492
update_compile_order -fileset sources_1
exit
INFO: [Common 17-206] Exiting Vivado at Wed Feb 10 21:46:34 2021...
